mode: set
github.com/ONSdigital/dis-bundle-api/models/bundle.go:35.54,37.16 2 0
github.com/ONSdigital/dis-bundle-api/models/bundle.go:37.16,39.3 1 0
github.com/ONSdigital/dis-bundle-api/models/bundle.go:41.2,44.16 3 0
github.com/ONSdigital/dis-bundle-api/models/bundle.go:44.16,46.3 1 0
github.com/ONSdigital/dis-bundle-api/models/bundle.go:48.2,48.21 1 0
github.com/ONSdigital/dis-bundle-api/models/event.go:24.32,25.11 1 1
github.com/ONSdigital/dis-bundle-api/models/event.go:26.60,27.14 1 1
github.com/ONSdigital/dis-bundle-api/models/event.go:28.10,29.15 1 1
github.com/ONSdigital/dis-bundle-api/models/event.go:34.33,36.2 1 1
github.com/ONSdigital/dis-bundle-api/models/event.go:39.47,40.18 1 1
github.com/ONSdigital/dis-bundle-api/models/event.go:40.18,42.3 1 1
github.com/ONSdigital/dis-bundle-api/models/event.go:43.2,43.32 1 1
github.com/ONSdigital/dis-bundle-api/models/event.go:47.51,49.51 2 1
github.com/ONSdigital/dis-bundle-api/models/event.go:49.51,51.3 1 1
github.com/ONSdigital/dis-bundle-api/models/event.go:52.2,53.26 2 1
github.com/ONSdigital/dis-bundle-api/models/event.go:53.26,55.3 1 1
github.com/ONSdigital/dis-bundle-api/models/event.go:56.2,57.12 2 1
github.com/ONSdigital/dis-bundle-api/models/event.go:82.52,84.16 2 1
github.com/ONSdigital/dis-bundle-api/models/event.go:84.16,86.3 1 0
github.com/ONSdigital/dis-bundle-api/models/event.go:88.2,90.16 3 1
github.com/ONSdigital/dis-bundle-api/models/event.go:90.16,92.3 1 1
github.com/ONSdigital/dis-bundle-api/models/event.go:94.2,94.20 1 1
github.com/ONSdigital/dis-bundle-api/models/event.go:98.40,101.32 2 1
github.com/ONSdigital/dis-bundle-api/models/event.go:101.32,103.3 1 1
github.com/ONSdigital/dis-bundle-api/models/event.go:105.2,105.24 1 1
github.com/ONSdigital/dis-bundle-api/models/event.go:105.24,107.3 1 1
github.com/ONSdigital/dis-bundle-api/models/event.go:109.2,109.26 1 1
github.com/ONSdigital/dis-bundle-api/models/event.go:109.26,111.3 1 1
github.com/ONSdigital/dis-bundle-api/models/event.go:113.2,113.28 1 1
github.com/ONSdigital/dis-bundle-api/models/event.go:113.28,115.3 1 1
github.com/ONSdigital/dis-bundle-api/models/event.go:117.2,117.12 1 1
